<?xml version="1.0" encoding="UTF-8"?>
<!-- Generated by org.testng.reporters.JUnitXMLReporter -->
<testsuite ignored="0" hostname="NTK2162" failures="0" tests="6" name="Default test" time="24.797" errors="0" timestamp="2023-01-15T13:55:53 ART">
  <testcase classname="Edit.SauceDemo.Asignacion6" name="login" time="2.108"/>
  <testcase classname="Edit.SauceDemo.Asignacion6" name="login" time="1.835"/>
  <testcase classname="Edit.SauceDemo.Asignacion6" name="login" time="1.777"/>
  <testcase classname="Edit.SauceDemo.Asignacion6" name="login" time="1.806"/>
  <testcase classname="Edit.SauceDemo.Asignacion6" name="login" time="1.829"/>
  <testcase classname="Edit.SauceDemo.Asignacion6" name="login" time="14.691"/>
</testsuite> <!-- Default test -->
