<?xml version="1.0" encoding="UTF-8"?>
<!-- Generated by org.testng.reporters.JUnitXMLReporter -->
<testsuite ignored="0" hostname="NTK2162" failures="0" tests="6" name="Default test" time="35.28" errors="0" timestamp="2023-01-12T11:54:27 ART">
  <testcase classname="Edit.SauceDemo.Asignacion6" name="login" time="4.568"/>
  <testcase classname="Edit.SauceDemo.Asignacion6" name="login" time="3.453"/>
  <testcase classname="Edit.SauceDemo.Asignacion6" name="login" time="3.455"/>
  <testcase classname="Edit.SauceDemo.Asignacion6" name="login" time="3.276"/>
  <testcase classname="Edit.SauceDemo.Asignacion6" name="login" time="3.257"/>
  <testcase classname="Edit.SauceDemo.Asignacion6" name="login" time="15.788"/>
</testsuite> <!-- Default test -->
