<?xml version="1.0" encoding="UTF-8"?>
<!-- Generated by org.testng.reporters.JUnitXMLReporter -->
<testsuite ignored="0" hostname="NTK2162" failures="0" tests="6" name="Test" time="31.273" errors="0" timestamp="2023-01-11T13:19:59 ART">
  <testcase classname="Edit.SauceDemo.Asignacion6" name="login" time="5.398"/>
  <testcase classname="Edit.SauceDemo.Asignacion6" name="login" time="3.486"/>
  <testcase classname="Edit.SauceDemo.Asignacion6" name="login" time="3.25"/>
  <testcase classname="Edit.SauceDemo.Asignacion6" name="login" time="3.217"/>
  <testcase classname="Edit.SauceDemo.Asignacion6" name="login" time="3.265"/>
  <testcase classname="Edit.SauceDemo.Asignacion6" name="login" time="10.632"/>
</testsuite> <!-- Test -->
