<?xml version="1.0" encoding="UTF-8"?>
<testng-results ignored="0" total="6" passed="6" failed="0" skipped="0">
  <reporter-output>
  </reporter-output>
  <suite started-at="2023-01-15T13:55:28 ART" name="Default suite" finished-at="2023-01-15T13:55:53 ART" duration-ms="24797">
    <groups>
    </groups>
    <test started-at="2023-01-15T13:55:28 ART" name="Default test" finished-at="2023-01-15T13:55:53 ART" duration-ms="24797">
      <class name="Edit.SauceDemo.Asignacion6">
        <test-method is-config="true" signature="abrirNavegador()[pri:0, instance:Edit.SauceDemo.Asignacion6@5c6648b0]" started-at="2023-01-15T13:55:20 ART" name="abrirNavegador" finished-at="2023-01-15T13:55:28 ART" duration-ms="7747" status="PASS">
          <reporter-output>
          </reporter-output>
        </test-method> <!-- abrirNavegador -->
        <test-method signature="login(java.lang.String,java.lang.String,java.lang.String,java.lang.String,java.lang.String)[pri:1, instance:Edit.SauceDemo.Asignacion6@5c6648b0]" started-at="2023-01-15T13:55:29 ART" name="login" description="CP01-iniciarSesion" data-provider="Datos Orden" finished-at="2023-01-15T13:55:31 ART" duration-ms="2108" status="PASS">
          <params>
            <param index="0">
              <value>
                <![CDATA[mi_usuario_1]]>
              </value>
            </param>
            <param index="1">
              <value>
                <![CDATA[secret_sauce1]]>
              </value>
            </param>
            <param index="2">
              <value>
                <![CDATA[nombre]]>
              </value>
            </param>
            <param index="3">
              <value>
                <![CDATA[apellido]]>
              </value>
            </param>
            <param index="4">
              <value>
                <![CDATA[12345]]>
              </value>
            </param>
          </params>
          <reporter-output>
          </reporter-output>
        </test-method> <!-- login -->
        <test-method signature="login(java.lang.String,java.lang.String,java.lang.String,java.lang.String,java.lang.String)[pri:1, instance:Edit.SauceDemo.Asignacion6@5c6648b0]" started-at="2023-01-15T13:55:31 ART" name="login" description="CP01-iniciarSesion" data-provider="Datos Orden" finished-at="2023-01-15T13:55:33 ART" duration-ms="1835" status="PASS">
          <params>
            <param index="0">
              <value>
                <![CDATA[mi_usuario_2]]>
              </value>
            </param>
            <param index="1">
              <value>
                <![CDATA[secret_sauce2]]>
              </value>
            </param>
            <param index="2">
              <value>
                <![CDATA[nombre1]]>
              </value>
            </param>
            <param index="3">
              <value>
                <![CDATA[pellido2]]>
              </value>
            </param>
            <param index="4">
              <value>
                <![CDATA[32435]]>
              </value>
            </param>
          </params>
          <reporter-output>
          </reporter-output>
        </test-method> <!-- login -->
        <test-method signature="login(java.lang.String,java.lang.String,java.lang.String,java.lang.String,java.lang.String)[pri:1, instance:Edit.SauceDemo.Asignacion6@5c6648b0]" started-at="2023-01-15T13:55:33 ART" name="login" description="CP01-iniciarSesion" data-provider="Datos Orden" finished-at="2023-01-15T13:55:34 ART" duration-ms="1777" status="PASS">
          <params>
            <param index="0">
              <value>
                <![CDATA[mi_usuario_3]]>
              </value>
            </param>
            <param index="1">
              <value>
                <![CDATA[secret_sauce3]]>
              </value>
            </param>
            <param index="2">
              <value>
                <![CDATA[nombre2]]>
              </value>
            </param>
            <param index="3">
              <value>
                <![CDATA[apellido3]]>
              </value>
            </param>
            <param index="4">
              <value>
                <![CDATA[342424]]>
              </value>
            </param>
          </params>
          <reporter-output>
          </reporter-output>
        </test-method> <!-- login -->
        <test-method signature="login(java.lang.String,java.lang.String,java.lang.String,java.lang.String,java.lang.String)[pri:1, instance:Edit.SauceDemo.Asignacion6@5c6648b0]" started-at="2023-01-15T13:55:34 ART" name="login" description="CP01-iniciarSesion" data-provider="Datos Orden" finished-at="2023-01-15T13:55:36 ART" duration-ms="1806" status="PASS">
          <params>
            <param index="0">
              <value>
                <![CDATA[standard_user]]>
              </value>
            </param>
            <param index="1">
              <value>
                <![CDATA[secret_sauce4]]>
              </value>
            </param>
            <param index="2">
              <value>
                <![CDATA[nombre3]]>
              </value>
            </param>
            <param index="3">
              <value>
                <![CDATA[apellido4]]>
              </value>
            </param>
            <param index="4">
              <value>
                <![CDATA[3424]]>
              </value>
            </param>
          </params>
          <reporter-output>
          </reporter-output>
        </test-method> <!-- login -->
        <test-method signature="login(java.lang.String,java.lang.String,java.lang.String,java.lang.String,java.lang.String)[pri:1, instance:Edit.SauceDemo.Asignacion6@5c6648b0]" started-at="2023-01-15T13:55:36 ART" name="login" description="CP01-iniciarSesion" data-provider="Datos Orden" finished-at="2023-01-15T13:55:38 ART" duration-ms="1829" status="PASS">
          <params>
            <param index="0">
              <value>
                <![CDATA[mi_usuario_5]]>
              </value>
            </param>
            <param index="1">
              <value>
                <![CDATA[secret_sauce5]]>
              </value>
            </param>
            <param index="2">
              <value>
                <![CDATA[nombre4]]>
              </value>
            </param>
            <param index="3">
              <value>
                <![CDATA[apellido5]]>
              </value>
            </param>
            <param index="4">
              <value>
                <![CDATA[34244]]>
              </value>
            </param>
          </params>
          <reporter-output>
          </reporter-output>
        </test-method> <!-- login -->
        <test-method signature="login(java.lang.String,java.lang.String,java.lang.String,java.lang.String,java.lang.String)[pri:1, instance:Edit.SauceDemo.Asignacion6@5c6648b0]" started-at="2023-01-15T13:55:38 ART" name="login" description="CP01-iniciarSesion" data-provider="Datos Orden" finished-at="2023-01-15T13:55:53 ART" duration-ms="14691" status="PASS">
          <params>
            <param index="0">
              <value>
                <![CDATA[standard_user]]>
              </value>
            </param>
            <param index="1">
              <value>
                <![CDATA[secret_sauce]]>
              </value>
            </param>
            <param index="2">
              <value>
                <![CDATA[nombre5]]>
              </value>
            </param>
            <param index="3">
              <value>
                <![CDATA[apellido6]]>
              </value>
            </param>
            <param index="4">
              <value>
                <![CDATA[345664]]>
              </value>
            </param>
          </params>
          <reporter-output>
          </reporter-output>
        </test-method> <!-- login -->
        <test-method is-config="true" signature="cerrarnavegador()[pri:0, instance:Edit.SauceDemo.Asignacion6@5c6648b0]" started-at="2023-01-15T13:55:53 ART" name="cerrarnavegador" finished-at="2023-01-15T13:55:53 ART" duration-ms="254" status="PASS">
          <reporter-output>
          </reporter-output>
        </test-method> <!-- cerrarnavegador -->
      </class> <!-- Edit.SauceDemo.Asignacion6 -->
    </test> <!-- Default test -->
  </suite> <!-- Default suite -->
</testng-results>
